<?xml version="1.0" encoding="UTF-8"?>
<testsuite xmlns:xsi="http://www.w3.org/2001/XMLSchema-instance" xsi:noNamespaceSchemaLocation="https://maven.apache.org/surefire/maven-surefire-plugin/xsd/surefire-test-report.xsd" name="com.mycompany.app.AppTest" time="0.012" tests="1" errors="0" skipped="0" failures="0">
  <properties>
    <property name="java.specification.version" value="17"/>
    <property name="sun.jnu.encoding" value="UTF-8"/>
    <property name="java.class.path" value="/Users/tonysken/IdeaProjects/myswingapp/target/test-classes:/Users/tonysken/IdeaProjects/myswingapp/target/classes:/Users/tonysken/.m2/repository/junit/junit/4.11/junit-4.11.jar:/Users/tonysken/.m2/repository/org/hamcrest/hamcrest-core/1.3/hamcrest-core-1.3.jar:/Users/tonysken/.m2/repository/org/eclipse/emf/org.eclipse.emf.ecore/2.12.0/org.eclipse.emf.ecore-2.12.0.jar:/Users/tonysken/.m2/repository/org/eclipse/emf/org.eclipse.emf.common/2.12.0/org.eclipse.emf.common-2.12.0.jar:/Users/tonysken/.m2/repository/fr/lip6/pnml/fr.lip6.pnml.framework.3rdpartimports/2.2.12/fr.lip6.pnml.framework.3rdpartimports-2.2.12.jar:/Users/tonysken/.m2/repository/fr/lip6/pnml/fr.lip6.pnml.framework.utils/2.2.12/fr.lip6.pnml.framework.utils-2.2.12.jar:/Users/tonysken/.m2/repository/fr/lip6/pnml/fr.lip6.pnml.framework.coremodel/2.2.12/fr.lip6.pnml.framework.coremodel-2.2.12.jar:/Users/tonysken/.m2/repository/fr/lip6/pnml/fr.lip6.pnml.framework.ptnet/2.2.12/fr.lip6.pnml.framework.ptnet-2.2.12.jar:/Users/tonysken/.m2/repository/fr/lip6/pnml/fr.lip6.pnml.framework.symmetricnet/2.2.12/fr.lip6.pnml.framework.symmetricnet-2.2.12.jar:/Users/tonysken/.m2/repository/fr/lip6/pnml/fr.lip6.pnml.framework.hlpn/2.2.12/fr.lip6.pnml.framework.hlpn-2.2.12.jar:/Users/tonysken/.m2/repository/fr/lip6/pnml/fr.lip6.pnml.framework.pthlpng/2.2.12/fr.lip6.pnml.framework.pthlpng-2.2.12.jar:"/>
    <property name="java.vm.vendor" value="Oracle Corporation"/>
    <property name="sun.arch.data.model" value="64"/>
    <property name="java.vendor.url" value="https://java.oracle.com/"/>
    <property name="os.name" value="Mac OS X"/>
    <property name="java.vm.specification.version" value="17"/>
    <property name="sun.java.launcher" value="SUN_STANDARD"/>
    <property name="user.country" value="GB"/>
    <property name="sun.boot.library.path" value="/Library/Java/JavaVirtualMachines/jdk-17.0.4.1.jdk/Contents/Home/lib"/>
    <property name="sun.java.command" value="/Users/tonysken/IdeaProjects/myswingapp/target/surefire/surefirebooter6290174616984874671.jar /Users/tonysken/IdeaProjects/myswingapp/target/surefire 2023-07-17T17-03-13_293-jvmRun1 surefire6051001645793131249tmp surefire_09568797133367958815tmp"/>
    <property name="jdk.debug" value="release"/>
    <property name="surefire.test.class.path" value="/Users/tonysken/IdeaProjects/myswingapp/target/test-classes:/Users/tonysken/IdeaProjects/myswingapp/target/classes:/Users/tonysken/.m2/repository/junit/junit/4.11/junit-4.11.jar:/Users/tonysken/.m2/repository/org/hamcrest/hamcrest-core/1.3/hamcrest-core-1.3.jar:/Users/tonysken/.m2/repository/org/eclipse/emf/org.eclipse.emf.ecore/2.12.0/org.eclipse.emf.ecore-2.12.0.jar:/Users/tonysken/.m2/repository/org/eclipse/emf/org.eclipse.emf.common/2.12.0/org.eclipse.emf.common-2.12.0.jar:/Users/tonysken/.m2/repository/fr/lip6/pnml/fr.lip6.pnml.framework.3rdpartimports/2.2.12/fr.lip6.pnml.framework.3rdpartimports-2.2.12.jar:/Users/tonysken/.m2/repository/fr/lip6/pnml/fr.lip6.pnml.framework.utils/2.2.12/fr.lip6.pnml.framework.utils-2.2.12.jar:/Users/tonysken/.m2/repository/fr/lip6/pnml/fr.lip6.pnml.framework.coremodel/2.2.12/fr.lip6.pnml.framework.coremodel-2.2.12.jar:/Users/tonysken/.m2/repository/fr/lip6/pnml/fr.lip6.pnml.framework.ptnet/2.2.12/fr.lip6.pnml.framework.ptnet-2.2.12.jar:/Users/tonysken/.m2/repository/fr/lip6/pnml/fr.lip6.pnml.framework.symmetricnet/2.2.12/fr.lip6.pnml.framework.symmetricnet-2.2.12.jar:/Users/tonysken/.m2/repository/fr/lip6/pnml/fr.lip6.pnml.framework.hlpn/2.2.12/fr.lip6.pnml.framework.hlpn-2.2.12.jar:/Users/tonysken/.m2/repository/fr/lip6/pnml/fr.lip6.pnml.framework.pthlpng/2.2.12/fr.lip6.pnml.framework.pthlpng-2.2.12.jar:"/>
    <property name="sun.cpu.endian" value="little"/>
    <property name="user.home" value="/Users/tonysken"/>
    <property name="user.language" value="en"/>
    <property name="java.specification.vendor" value="Oracle Corporation"/>
    <property name="java.version.date" value="2022-08-18"/>
    <property name="java.home" value="/Library/Java/JavaVirtualMachines/jdk-17.0.4.1.jdk/Contents/Home"/>
    <property name="file.separator" value="/"/>
    <property name="basedir" value="/Users/tonysken/IdeaProjects/myswingapp"/>
    <property name="java.vm.compressedOopsMode" value="Zero based"/>
    <property name="line.separator" value="&#10;"/>
    <property name="java.vm.specification.vendor" value="Oracle Corporation"/>
    <property name="java.specification.name" value="Java Platform API Specification"/>
    <property name="surefire.real.class.path" value="/Users/tonysken/IdeaProjects/myswingapp/target/surefire/surefirebooter6290174616984874671.jar"/>
    <property name="sun.management.compiler" value="HotSpot 64-Bit Tiered Compilers"/>
    <property name="java.runtime.version" value="17.0.4.1+1-LTS-2"/>
    <property name="user.name" value="tonysken"/>
    <property name="path.separator" value=":"/>
    <property name="os.version" value="12.2.1"/>
    <property name="java.runtime.name" value="Java(TM) SE Runtime Environment"/>
    <property name="file.encoding" value="UTF-8"/>
    <property name="java.vm.name" value="Java HotSpot(TM) 64-Bit Server VM"/>
    <property name="localRepository" value="/Users/tonysken/.m2/repository"/>
    <property name="java.vendor.url.bug" value="https://bugreport.java.com/bugreport/"/>
    <property name="java.io.tmpdir" value="/var/folders/pl/_455l5c17bs4rbbbbykqn9kh0000gn/T/"/>
    <property name="java.version" value="17.0.4.1"/>
    <property name="user.dir" value="/Users/tonysken/IdeaProjects/myswingapp"/>
    <property name="os.arch" value="aarch64"/>
    <property name="java.vm.specification.name" value="Java Virtual Machine Specification"/>
    <property name="native.encoding" value="UTF-8"/>
    <property name="java.library.path" value="/Users/tonysken/Library/Java/Extensions:/Library/Java/Extensions:/Network/Library/Java/Extensions:/System/Library/Java/Extensions:/usr/lib/java:."/>
    <property name="java.vm.info" value="mixed mode, sharing"/>
    <property name="java.vendor" value="Oracle Corporation"/>
    <property name="java.vm.version" value="17.0.4.1+1-LTS-2"/>
    <property name="sun.io.unicode.encoding" value="UnicodeBig"/>
    <property name="java.class.version" value="61.0"/>
  </properties>
  <testcase name="shouldAnswerWithTrue" classname="com.mycompany.app.AppTest" time="0.001"/>
</testsuite>